\o Program:		@(#)$CDS: cdsLibEditor version 6.1.6 - CAT33 11/05/2015 10:35 (sjfql586) $
\o Sub version:		sub-version  s019 
\o Arguments:		-display localhost:14.0 -mpssession virtuoso33513 -mpshost vlsi-dist.khu.ac.kr -namespace CDBA -cdslib /home/graduation_project3/2015104069/VLSI/cds.lib 
\o Working Directory:	vlsi-dist.khu.ac.kr:/home/graduation_project3/2015104069/VLSI
\o 64-bit offsets
\a nrSetWindowVisibility(cdsLibEditor "show")
\o Qt version: 		4.7.2
\a nrSetCurrentWindow(cdsLibEditor)
\a nrListItemAction(cdsLibEditor->mainTable 0 0)
\o Active cell: 0 0 "analogLib"
\a nrResizeWindow(cdsLibEditor list(164 187 500 400))
\a nrListItemAction(cdsLibEditor->mainTable 7 1)
\o Active cell: 7 1 "MULTIPLIER"
\a nrSetCurrentWindow(cdsLibEditor)
\a nrListItemAction(cdsLibEditor->mainTable 6 1)
\o Active cell: 6 1 "/home/graduation_project3/2015104069/VLSI/Library_Jin"
\a nrListItemAction(cdsLibEditor->mainTable 7 1)
\o Active cell: 7 1 "MULTIPLIER"
\a nrListItemAction(cdsLibEditor->mainTable 8 0)
\o Active cell: 8 0 ""
\a nrResizeWindow(cdsLibEditor list(0 0 500 400))
\a nrSetCurrentWindow(cdsLibEditor)
\a nrResizeWindow(cdsLibEditor list(164 187 500 400))
\a nrSetCurrentWindow(cdsLibEditor)
\a cdsLibEditor->fileExitButton->value = t
\o QUESTION (CLE-205): You have made changes which have not been saved. \n\nWould you like to save your changes? 
\a nrSetWindowVisibility(needSaveDialog "show")
\a nrSetCurrentWindow(needSaveDialog)
\a nrResizeWindow(needSaveDialog list(223 307 379 143))
\a needSaveDialog->yesButton->value = t
\a nrSetWindowVisibility(cdsLibEditor "hide")
\a exit(0)
